Flow report for ElectricDrums
Thu Dec 31 17:29:52 2020
Quartus Prime Version 18.1.0 Build 625 09/12/2018 SJ Lite Edition


---------------------
; Table of Contents ;
---------------------
  1. Legal Notice
  2. Flow Summary
  3. Flow Settings
  4. Flow Non-Default Global Settings
  5. Flow Elapsed Time
  6. Flow OS Summary
  7. Flow Log
  8. Flow Messages
  9. Flow Suppressed Messages



----------------
; Legal Notice ;
----------------
Copyright (C) 2018  Intel Corporation. All rights reserved.
Your use of Intel Corporation's design tools, logic functions 
and other software and tools, and its AMPP partner logic 
functions, and any output files from any of the foregoing 
(including device programming or simulation files), and any 
associated documentation or information are expressly subject 
to the terms and conditions of the Intel Program License 
Subscription Agreement, the Intel Quartus Prime License Agreement,
the Intel FPGA IP License Agreement, or other applicable license
agreement, including, without limitation, that your use is for
the sole purpose of programming logic devices manufactured by
Intel and sold by Intel or its authorized distributors.  Please
refer to the applicable agreement for further details.



+----------------------------------------------------------------------------------+
; Flow Summary                                                                     ;
+------------------------------------+---------------------------------------------+
; Flow Status                        ; Successful - Thu Dec 31 17:29:52 2020       ;
; Quartus Prime Version              ; 18.1.0 Build 625 09/12/2018 SJ Lite Edition ;
; Revision Name                      ; ElectricDrums                               ;
; Top-level Entity Name              ; ElectricDrums                               ;
; Family                             ; MAX 10                                      ;
; Device                             ; 10M50DAF484C7G                              ;
; Timing Models                      ; Final                                       ;
; Total logic elements               ; 201 / 49,760 ( < 1 % )                      ;
;     Total combinational functions  ; 125 / 49,760 ( < 1 % )                      ;
;     Dedicated logic registers      ; 146 / 49,760 ( < 1 % )                      ;
; Total registers                    ; 146                                         ;
; Total pins                         ; 35 / 360 ( 10 % )                           ;
; Total virtual pins                 ; 0                                           ;
; Total memory bits                  ; 0 / 1,677,312 ( 0 % )                       ;
; Embedded Multiplier 9-bit elements ; 0 / 288 ( 0 % )                             ;
; Total PLLs                         ; 1 / 4 ( 25 % )                              ;
; UFM blocks                         ; 0 / 1 ( 0 % )                               ;
; ADC blocks                         ; 1 / 2 ( 50 % )                              ;
+------------------------------------+---------------------------------------------+


+-----------------------------------------+
; Flow Settings                           ;
+-------------------+---------------------+
; Option            ; Setting             ;
+-------------------+---------------------+
; Start date & time ; 12/31/2020 17:29:20 ;
; Main task         ; Compilation         ;
; Revision Name     ; ElectricDrums       ;
+-------------------+---------------------+


+-------------------------------------------------------------------------------------------------------------------------------------------------------+
; Flow Non-Default Global Settings                                                                                                                      ;
+-------------------------------------+------------------------------------------------------------+---------------+-------------------+----------------+
; Assignment Name                     ; Value                                                      ; Default Value ; Entity Name       ; Section Id     ;
+-------------------------------------+------------------------------------------------------------+---------------+-------------------+----------------+
; COMPILER_SIGNATURE_ID               ; 172308996744329.160945735943020                            ; --            ; --                ; --             ;
; EDA_OUTPUT_DATA_FORMAT              ; Systemverilog Hdl                                          ; --            ; --                ; eda_simulation ;
; EDA_SIMULATION_TOOL                 ; ModelSim-Altera (SystemVerilog)                            ; <None>        ; --                ; --             ;
; EDA_TIME_SCALE                      ; 1 ps                                                       ; --            ; --                ; eda_simulation ;
; MAX_CORE_JUNCTION_TEMP              ; 85                                                         ; --            ; --                ; --             ;
; MIN_CORE_JUNCTION_TEMP              ; 0                                                          ; --            ; --                ; --             ;
; MISC_FILE                           ; adc_qsys/synthesis/../adc_qsys.cmp                         ; --            ; --                ; --             ;
; MISC_FILE                           ; adc_qsys/synthesis/../../adc_qsys.qsys                     ; --            ; --                ; --             ;
; PARTITION_COLOR                     ; -- (Not supported for targeted family)                     ; --            ; DE10_LITE_Default ; Top            ;
; PARTITION_COLOR                     ; -- (Not supported for targeted family)                     ; --            ; --                ; Top            ;
; PARTITION_FITTER_PRESERVATION_LEVEL ; -- (Not supported for targeted family)                     ; --            ; DE10_LITE_Default ; Top            ;
; PARTITION_FITTER_PRESERVATION_LEVEL ; -- (Not supported for targeted family)                     ; --            ; --                ; Top            ;
; PARTITION_NETLIST_TYPE              ; -- (Not supported for targeted family)                     ; --            ; DE10_LITE_Default ; Top            ;
; PARTITION_NETLIST_TYPE              ; -- (Not supported for targeted family)                     ; --            ; --                ; Top            ;
; POWER_BOARD_THERMAL_MODEL           ; None (CONSERVATIVE)                                        ; --            ; --                ; --             ;
; POWER_PRESET_COOLING_SOLUTION       ; 23 MM HEAT SINK WITH 200 LFPM AIRFLOW                      ; --            ; --                ; --             ;
; PROJECT_OUTPUT_DIRECTORY            ; output_files                                               ; --            ; --                ; --             ;
; SLD_FILE                            ; adc_qsys/synthesis/adc_qsys.debuginfo                      ; --            ; --                ; --             ;
; SLD_INFO                            ; QSYS_NAME adc_qsys HAS_SOPCINFO 1 GENERATION_ID 1609454163 ; --            ; adc_qsys          ; --             ;
; SOPCINFO_FILE                       ; adc_qsys/synthesis/../../adc_qsys.sopcinfo                 ; --            ; --                ; --             ;
; SYNTHESIS_ONLY_QIP                  ; On                                                         ; --            ; --                ; --             ;
+-------------------------------------+------------------------------------------------------------+---------------+-------------------+----------------+


+--------------------------------------------------------------------------------------------------------------------------+
; Flow Elapsed Time                                                                                                        ;
+----------------------+--------------+-------------------------+---------------------+------------------------------------+
; Module Name          ; Elapsed Time ; Average Processors Used ; Peak Virtual Memory ; Total CPU Time (on all processors) ;
+----------------------+--------------+-------------------------+---------------------+------------------------------------+
; Analysis & Synthesis ; 00:00:12     ; 1.0                     ; 4777 MB             ; 00:00:26                           ;
; Fitter               ; 00:00:09     ; 1.0                     ; 5639 MB             ; 00:00:12                           ;
; Assembler            ; 00:00:03     ; 1.0                     ; 4683 MB             ; 00:00:03                           ;
; Timing Analyzer      ; 00:00:04     ; 1.1                     ; 4817 MB             ; 00:00:03                           ;
; EDA Netlist Writer   ; 00:00:01     ; 1.0                     ; 4646 MB             ; 00:00:01                           ;
; Total                ; 00:00:29     ; --                      ; --                  ; 00:00:45                           ;
+----------------------+--------------+-------------------------+---------------------+------------------------------------+


+------------------------------------------------------------------------------------+
; Flow OS Summary                                                                    ;
+----------------------+------------------+------------+------------+----------------+
; Module Name          ; Machine Hostname ; OS Name    ; OS Version ; Processor type ;
+----------------------+------------------+------------+------------+----------------+
; Analysis & Synthesis ; DESKTOP-V6VITPB  ; Windows 10 ; 10.0       ; x86_64         ;
; Fitter               ; DESKTOP-V6VITPB  ; Windows 10 ; 10.0       ; x86_64         ;
; Assembler            ; DESKTOP-V6VITPB  ; Windows 10 ; 10.0       ; x86_64         ;
; Timing Analyzer      ; DESKTOP-V6VITPB  ; Windows 10 ; 10.0       ; x86_64         ;
; EDA Netlist Writer   ; DESKTOP-V6VITPB  ; Windows 10 ; 10.0       ; x86_64         ;
+----------------------+------------------+------------+------------+----------------+


------------
; Flow Log ;
------------
quartus_map --read_settings_files=on --write_settings_files=off ElectricDrums -c ElectricDrums
quartus_fit --read_settings_files=off --write_settings_files=off ElectricDrums -c ElectricDrums
quartus_asm --read_settings_files=off --write_settings_files=off ElectricDrums -c ElectricDrums
quartus_sta ElectricDrums -c ElectricDrums
quartus_eda --read_settings_files=off --write_settings_files=off ElectricDrums -c ElectricDrums



